<?xml version="1.0" encoding="UTF-8"?>
<testsuites tests="2" failures="1" disabled="0" errors="0" timestamp="2024-07-25T11:34:25" time="0.415" name="AllTests">
  <testsuite name="ObstacleDetectorNodeTest" tests="2" failures="1" disabled="0" errors="0" time="0.415">
    <testcase name="GetTimeDifference" status="run" time="0.214" classname="ObstacleDetectorNodeTest" />
    <testcase name="GetTwist" status="run" time="0.201" classname="ObstacleDetectorNodeTest">
      <failure message="/home/mist/reu_ws/src/lidar_obstacle_detector/test/test_obstacle_detector_node.cpp:66&#x0A;      Expected: twist.angular.z&#x0A;      Which is: 0.78539812564849854&#x0A;To be equal to: pi / 4&#x0A;      Which is: 0.78539816339744828" type=""><![CDATA[/home/mist/reu_ws/src/lidar_obstacle_detector/test/test_obstacle_detector_node.cpp:66
      Expected: twist.angular.z
      Which is: 0.78539812564849854
To be equal to: pi / 4
      Which is: 0.78539816339744828]]></failure>
      <failure message="/home/mist/reu_ws/src/lidar_obstacle_detector/test/test_obstacle_detector_node.cpp:75&#x0A;      Expected: twist.angular.z&#x0A;      Which is: -2.3561944961547852&#x0A;To be equal to: -3 * pi / 4&#x0A;      Which is: -2.3561944901923448" type=""><![CDATA[/home/mist/reu_ws/src/lidar_obstacle_detector/test/test_obstacle_detector_node.cpp:75
      Expected: twist.angular.z
      Which is: -2.3561944961547852
To be equal to: -3 * pi / 4
      Which is: -2.3561944901923448]]></failure>
      <failure message="/home/mist/reu_ws/src/lidar_obstacle_detector/test/test_obstacle_detector_node.cpp:97&#x0A;      Expected: twist.angular.z&#x0A;      Which is: 1.5707963705062866&#x0A;To be equal to: pi / 2&#x0A;      Which is: 1.5707963267948966" type=""><![CDATA[/home/mist/reu_ws/src/lidar_obstacle_detector/test/test_obstacle_detector_node.cpp:97
      Expected: twist.angular.z
      Which is: 1.5707963705062866
To be equal to: pi / 2
      Which is: 1.5707963267948966]]></failure>
      <failure message="/home/mist/reu_ws/src/lidar_obstacle_detector/test/test_obstacle_detector_node.cpp:108&#x0A;      Expected: twist.angular.z&#x0A;      Which is: 3.1415927410125732&#x0A;To be equal to: pi&#x0A;      Which is: 3.1415926535897931" type=""><![CDATA[/home/mist/reu_ws/src/lidar_obstacle_detector/test/test_obstacle_detector_node.cpp:108
      Expected: twist.angular.z
      Which is: 3.1415927410125732
To be equal to: pi
      Which is: 3.1415926535897931]]></failure>
      <failure message="/home/mist/reu_ws/src/lidar_obstacle_detector/test/test_obstacle_detector_node.cpp:119&#x0A;      Expected: twist.angular.z&#x0A;      Which is: -1.5707963705062866&#x0A;To be equal to: -pi / 2&#x0A;      Which is: -1.5707963267948966" type=""><![CDATA[/home/mist/reu_ws/src/lidar_obstacle_detector/test/test_obstacle_detector_node.cpp:119
      Expected: twist.angular.z
      Which is: -1.5707963705062866
To be equal to: -pi / 2
      Which is: -1.5707963267948966]]></failure>
    </testcase>
  </testsuite>
</testsuites>
