<?xml version="1.0" encoding="UTF-8"?>
<testsuites tests="5" failures="1" disabled="0" errors="0" timestamp="2024-07-25T11:34:27" time="1.042" name="AllTests">
  <testsuite name="DangerPublisherNodeFunctionTest" tests="5" failures="1" disabled="0" errors="0" time="1.042">
    <testcase name="GetClosestPointTest" status="run" time="0.138" classname="DangerPublisherNodeFunctionTest" />
    <testcase name="L2NormTest" status="run" time="0.201" classname="DangerPublisherNodeFunctionTest" />
    <testcase name="GetSectionTest" status="run" time="0.201" classname="DangerPublisherNodeFunctionTest" />
    <testcase name="GetSpeedTest" status="run" time="0.301" classname="DangerPublisherNodeFunctionTest">
      <failure message="/home/mist/reu_ws/src/lidar_obstacle_detector/test/test_danger_publisher_node.cpp:129&#x0A;      Expected: node.getSpeed(box1)&#x0A;      Which is: 3.5355339059327378&#x0A;To be equal to: 3.5355&#x0A;      Which is: 3.5354999999999999" type=""><![CDATA[/home/mist/reu_ws/src/lidar_obstacle_detector/test/test_danger_publisher_node.cpp:129
      Expected: node.getSpeed(box1)
      Which is: 3.5355339059327378
To be equal to: 3.5355
      Which is: 3.5354999999999999]]></failure>
      <failure message="/home/mist/reu_ws/src/lidar_obstacle_detector/test/test_danger_publisher_node.cpp:136&#x0A;      Expected: node.getSpeed(box2)&#x0A;      Which is: 3.5355339059327378&#x0A;To be equal to: 3.5355&#x0A;      Which is: 3.5354999999999999" type=""><![CDATA[/home/mist/reu_ws/src/lidar_obstacle_detector/test/test_danger_publisher_node.cpp:136
      Expected: node.getSpeed(box2)
      Which is: 3.5355339059327378
To be equal to: 3.5355
      Which is: 3.5354999999999999]]></failure>
      <failure message="/home/mist/reu_ws/src/lidar_obstacle_detector/test/test_danger_publisher_node.cpp:143&#x0A;      Expected: node.getSpeed(box3)&#x0A;      Which is: 13.266499161421599&#x0A;To be equal to: 13.266" type=""><![CDATA[/home/mist/reu_ws/src/lidar_obstacle_detector/test/test_danger_publisher_node.cpp:143
      Expected: node.getSpeed(box3)
      Which is: 13.266499161421599
To be equal to: 13.266]]></failure>
    </testcase>
    <testcase name="IsFacingMeAutoware" status="run" time="0.201" classname="DangerPublisherNodeFunctionTest" />
  </testsuite>
</testsuites>
